Determining if the pthread_create exist failed with the following output:
Change Dir: /home/juan/catkin_ws/src/airsim/CMakeFiles/CMakeTmp

Run Build Command:"/usr/bin/make" "cmTC_05b68/fast"
/usr/bin/make -f CMakeFiles/cmTC_05b68.dir/build.make CMakeFiles/cmTC_05b68.dir/build
make[1]: Entering directory '/home/juan/catkin_ws/src/airsim/CMakeFiles/CMakeTmp'
Building C object CMakeFiles/cmTC_05b68.dir/CheckSymbolExists.c.o
/usr/bin/cc     -o CMakeFiles/cmTC_05b68.dir/CheckSymbolExists.c.o   -c /home/juan/catkin_ws/src/airsim/CMakeFiles/CMakeTmp/CheckSymbolExists.c
Linking C executable cmTC_05b68
/usr/bin/cmake -E cmake_link_script CMakeFiles/cmTC_05b68.dir/link.txt --verbose=1
/usr/bin/cc       CMakeFiles/cmTC_05b68.dir/CheckSymbolExists.c.o  -o cmTC_05b68 -rdynamic 
CMakeFiles/cmTC_05b68.dir/CheckSymbolExists.c.o: In function `main':
CheckSymbolExists.c:(.text+0x16): undefined reference to `pthread_create'
collect2: error: ld returned 1 exit status
CMakeFiles/cmTC_05b68.dir/build.make:97: recipe for target 'cmTC_05b68' failed
make[1]: *** [cmTC_05b68] Error 1
make[1]: Leaving directory '/home/juan/catkin_ws/src/airsim/CMakeFiles/CMakeTmp'
Makefile:126: recipe for target 'cmTC_05b68/fast' failed
make: *** [cmTC_05b68/fast] Error 2

File /home/juan/catkin_ws/src/airsim/CMakeFiles/CMakeTmp/CheckSymbolExists.c:
/* */
#include <pthread.h>

int main(int argc, char** argv)
{
  (void)argv;
#ifndef pthread_create
  return ((int*)(&pthread_create))[argc];
#else
  (void)argc;
  return 0;
#endif
}

Determining if the function pthread_create exists in the pthreads failed with the following output:
Change Dir: /home/juan/catkin_ws/src/airsim/CMakeFiles/CMakeTmp

Run Build Command:"/usr/bin/make" "cmTC_3dc07/fast"
/usr/bin/make -f CMakeFiles/cmTC_3dc07.dir/build.make CMakeFiles/cmTC_3dc07.dir/build
make[1]: Entering directory '/home/juan/catkin_ws/src/airsim/CMakeFiles/CMakeTmp'
Building C object CMakeFiles/cmTC_3dc07.dir/CheckFunctionExists.c.o
/usr/bin/cc    -DCHECK_FUNCTION_EXISTS=pthread_create   -o CMakeFiles/cmTC_3dc07.dir/CheckFunctionExists.c.o   -c /usr/share/cmake-3.5/Modules/CheckFunctionExists.c
Linking C executable cmTC_3dc07
/usr/bin/cmake -E cmake_link_script CMakeFiles/cmTC_3dc07.dir/link.txt --verbose=1
/usr/bin/cc   -DCHECK_FUNCTION_EXISTS=pthread_create    CMakeFiles/cmTC_3dc07.dir/CheckFunctionExists.c.o  -o cmTC_3dc07 -rdynamic -lpthreads 
/usr/bin/ld: cannot find -lpthreads
collect2: error: ld returned 1 exit status
CMakeFiles/cmTC_3dc07.dir/build.make:97: recipe for target 'cmTC_3dc07' failed
make[1]: *** [cmTC_3dc07] Error 1
make[1]: Leaving directory '/home/juan/catkin_ws/src/airsim/CMakeFiles/CMakeTmp'
Makefile:126: recipe for target 'cmTC_3dc07/fast' failed
make: *** [cmTC_3dc07/fast] Error 2


